<?xml version="1.0" encoding="UTF-8"?>
<!-- Generated by org.testng.reporters.JUnitXMLReporter -->
<testsuite hostname="Isnandar" name="Default test" tests="4" failures="0" timestamp="22 May 2014 02:55:36 GMT" time="0.049" errors="0">
  <testcase name="testBagi" time="0.01" classname="pengujianKalkulator.KalkulatorTest"/>
  <testcase name="testKali" time="0.002" classname="pengujianKalkulator.KalkulatorTest"/>
  <testcase name="testKurang" time="0.002" classname="pengujianKalkulator.KalkulatorTest"/>
  <testcase name="testTambah" time="0.001" classname="pengujianKalkulator.KalkulatorTest"/>
</testsuite> <!-- Default test -->
